[2026-04-14 17:13:57] HTTP: ::1 - - [14/Apr/2026:11:43:57 +0000] "POST /api/v1/auth/login HTTP/1.1" 200 740 "-" "PostmanRuntime/7.51.1"
[2026-04-14 17:15:30] HTTP: ::1 - - [14/Apr/2026:11:45:30 +0000] "POST /api/v1/auth/create-manager HTTP/1.1" 201 363 "-" "PostmanRuntime/7.51.1"
[2026-04-14 17:17:42] HTTP: ::1 - - [14/Apr/2026:11:47:42 +0000] "GET /api/v1/auth/login HTTP/1.1" 404 69 "-" "PostmanRuntime/7.51.1"
[2026-04-14 17:17:47] HTTP: ::1 - - [14/Apr/2026:11:47:47 +0000] "POST /api/v1/auth/login HTTP/1.1" 200 743 "-" "PostmanRuntime/7.51.1"
[2026-04-14 17:18:33] HTTP: ::1 - - [14/Apr/2026:11:48:33 +0000] "GET /api/v1/requests HTTP/1.1" 200 12199 "-" "PostmanRuntime/7.51.1"
[2026-04-14 17:19:09] HTTP: ::1 - - [14/Apr/2026:11:49:09 +0000] "GET /api/v1/queue HTTP/1.1" 200 107 "-" "PostmanRuntime/7.51.1"
[2026-04-14 17:20:34] HTTP: ::1 - - [14/Apr/2026:11:50:34 +0000] "PATCH /api/v1/queue/69dc882ad6babba85f5ed3bc/assign HTTP/1.1" 422 355 "-" "PostmanRuntime/7.51.1"
[2026-04-14 17:21:00] HTTP: ::1 - - [14/Apr/2026:11:51:00 +0000] "PATCH /api/v1/queue/69dcdce8d6babba85f5ed5fa/assign HTTP/1.1" 422 355 "-" "PostmanRuntime/7.51.1"
[2026-04-14 17:21:41] HTTP: ::1 - - [14/Apr/2026:11:51:41 +0000] "POST /api/v1/auth/register HTTP/1.1" 409 80 "-" "PostmanRuntime/7.51.1"
[2026-04-14 17:21:54] HTTP: ::1 - - [14/Apr/2026:11:51:54 +0000] "POST /api/v1/auth/register HTTP/1.1" 201 755 "-" "PostmanRuntime/7.51.1"
[2026-04-14 17:22:48] HTTP: ::1 - - [14/Apr/2026:11:52:48 +0000] "POST /api/v1/auth/login HTTP/1.1" 200 765 "-" "PostmanRuntime/7.51.1"
[2026-04-14 17:23:55] HTTP: ::1 - - [14/Apr/2026:11:53:55 +0000] "POST /api/v1/requests HTTP/1.1" 201 662 "-" "PostmanRuntime/7.51.1"
[2026-04-14 17:24:16] HTTP: ::1 - - [14/Apr/2026:11:54:16 +0000] "GET /api/v1/requests HTTP/1.1" 200 12917 "-" "PostmanRuntime/7.51.1"
[2026-04-14 17:24:48] HTTP: ::1 - - [14/Apr/2026:11:54:48 +0000] "PATCH /api/v1/queue/69de2ad3744eb4271a1033c2/assign HTTP/1.1" 422 355 "-" "PostmanRuntime/7.51.1"
[2026-04-14 17:25:19] HTTP: ::1 - - [14/Apr/2026:11:55:19 +0000] "PATCH /api/v1/queue/69de2ad3744eb4271a1033c2/assign HTTP/1.1" 422 355 "-" "PostmanRuntime/7.51.1"
[2026-04-14 17:26:13] HTTP: ::1 - - [14/Apr/2026:11:56:13 +0000] "PATCH /api/v1/queue/69de2ad3744eb4271a1033c2/assign HTTP/1.1" 422 355 "-" "PostmanRuntime/7.51.1"
[2026-04-14 17:26:47] HTTP: ::1 - - [14/Apr/2026:11:56:47 +0000] "PATCH /api/v1/queue/69de2a5a744eb4271a1033bc/assign HTTP/1.1" 422 355 "-" "PostmanRuntime/7.51.1"
[2026-04-14 17:27:18] HTTP: ::1 - - [14/Apr/2026:11:57:18 +0000] "PATCH /api/v1/queue/69de2ad3744eb4271a1033c2/assign HTTP/1.1" 200 955 "-" "PostmanRuntime/7.51.1"
[2026-04-14 17:28:41] HTTP: ::1 - - [14/Apr/2026:11:58:41 +0000] "POST /api/v1/queue/69de2ad3744eb4271a1033c2/complete HTTP/1.1" 403 83 "-" "PostmanRuntime/7.51.1"
[2026-04-14 17:29:00] HTTP: ::1 - - [14/Apr/2026:11:59:00 +0000] "POST /api/v1/queue/69de2ad3744eb4271a1033c2/complete HTTP/1.1" 404 99 "-" "PostmanRuntime/7.51.1"
[2026-04-14 17:29:12] HTTP: ::1 - - [14/Apr/2026:11:59:12 +0000] "PATCH /api/v1/queue/69de2ad3744eb4271a1033c2/complete HTTP/1.1" 200 830 "-" "PostmanRuntime/7.51.1"
[2026-04-14 17:29:53] HTTP: ::1 - - [14/Apr/2026:11:59:53 +0000] "GET /api/v1/receipts/request/69de2ad3744eb4271a1033c2 HTTP/1.1" 404 65 "-" "PostmanRuntime/7.51.1"
[2026-04-14 17:30:02] HTTP: ::1 - - [14/Apr/2026:12:00:02 +0000] "POST /api/v1/receipts/request/69de2ad3744eb4271a1033c2 HTTP/1.1" 201 609 "-" "PostmanRuntime/7.51.1"
[2026-04-14 17:33:59] HTTP: ::1 - - [14/Apr/2026:12:03:59 +0000] "POST /api/v1/drivers HTTP/1.1" 201 435 "-" "PostmanRuntime/7.51.1"
[2026-04-14 17:34:47] HTTP: ::1 - - [14/Apr/2026:12:04:47 +0000] "GET /api/v1/drivers?page=1&limit=20&status=ACTIVE HTTP/1.1" 200 476 "-" "PostmanRuntime/7.51.1"
[2026-04-14 17:35:46] HTTP: ::1 - - [14/Apr/2026:12:05:46 +0000] "GET /api/v1/drivers/69de2d2f744eb4271a1033dd HTTP/1.1" 200 419 "-" "PostmanRuntime/7.51.1"
[2026-04-14 17:36:46] HTTP: ::1 - - [14/Apr/2026:12:06:46 +0000] "PUT /api/v1/drivers/69de2d2f744eb4271a1033dd HTTP/1.1" 200 399 "-" "PostmanRuntime/7.51.1"
[2026-04-14 17:37:13] HTTP: ::1 - - [14/Apr/2026:12:07:13 +0000] "DELETE /api/v1/drivers/69de2d2f744eb4271a1033dd HTTP/1.1" 200 56 "-" "PostmanRuntime/7.51.1"
[2026-04-14 17:40:09] HTTP: ::1 - - [14/Apr/2026:12:10:09 +0000] "GET /api/v1/queue/report?startDate=2026-04-01&endDate=2026-04-13 HTTP/1.1" 200 11169 "-" "PostmanRuntime/7.51.1"
[2026-04-14 17:44:57] HTTP: ::1 - - [14/Apr/2026:12:14:57 +0000] "GET /api/v1/queue HTTP/1.1" 200 11473 "-" "PostmanRuntime/7.51.1"
